app/build/intermediates/manifest_merge_blame_file/debug/processDebugMainManifest/manifest-merger-blame-debug-report.txt
1<?xml version="1.0" encoding="utf-8"?>
2<manifest xmlns:android="http://schemas.android.com/apk/res/android"
3    package="com.goexcel"
4    android:versionCode="1"
5    android:versionName="1.0" >
6
7    <uses-sdk
8        android:minSdkVersion="24"
9        android:targetSdkVersion="35" />
10
11    <uses-permission android:name="android.permission.INTERNET" />
11-->[com.google.firebase:firebase-auth:22.3.0] AndroidManifest.xml:25:5-67
11-->[com.google.firebase:firebase-auth:22.3.0] AndroidManifest.xml:25:22-64
12    <uses-permission android:name="android.permission.ACCESS_NETWORK_STATE" />
12-->[com.google.firebase:firebase-auth:22.3.0] AndroidManifest.xml:26:5-79
12-->[com.google.firebase:firebase-auth:22.3.0] AndroidManifest.xml:26:22-76
13
14    <permission
14-->[androidx.core:core:1.13.0] AndroidManifest.xml:22:5-24:47
15        android:name="com.goexcel.DYNAMIC_RECEIVER_NOT_EXPORTED_PERMISSION"
15-->[androidx.core:core:1.13.0] AndroidManifest.xml:23:9-81
16        android:protectionLevel="signature" />
16-->[androidx.core:core:1.13.0] AndroidManifest.xml:24:9-44
17
18    <uses-permission android:name="com.goexcel.DYNAMIC_RECEIVER_NOT_EXPORTED_PERMISSION" />
18-->[androidx.core:core:1.13.0] AndroidManifest.xml:26:5-97
18-->[androidx.core:core:1.13.0] AndroidManifest.xml:26:22-94
19
20    <application
20-->src\main\AndroidManifest.xml:5:5-149:19
21        android:allowBackup="true"
21-->src\main\AndroidManifest.xml:6:9-35
22        android:appComponentFactory="androidx.core.app.CoreComponentFactory"
22-->[androidx.core:core:1.13.0] AndroidManifest.xml:28:18-86
23        android:dataExtractionRules="@xml/data_extraction_rules"
23-->src\main\AndroidManifest.xml:7:9-65
24        android:debuggable="true"
25        android:extractNativeLibs="false"
26        android:fullBackupContent="@xml/backup_rules"
26-->src\main\AndroidManifest.xml:8:9-54
27        android:icon="@drawable/logo"
27-->src\main\AndroidManifest.xml:9:9-38
28        android:label="@string/app_name"
28-->src\main\AndroidManifest.xml:10:9-41
29        android:roundIcon="@drawable/logo"
29-->src\main\AndroidManifest.xml:11:9-43
30        android:supportsRtl="true"
30-->src\main\AndroidManifest.xml:12:9-35
31        android:testOnly="true"
32        android:theme="@style/Theme.Goexcel" >
32-->src\main\AndroidManifest.xml:13:9-45
33        <activity
33-->src\main\AndroidManifest.xml:15:9-17:40
34            android:name="com.goexcel.Paso5EvaluacionMod2Activity"
34-->src\main\AndroidManifest.xml:16:13-56
35            android:exported="false" />
35-->src\main\AndroidManifest.xml:17:13-37
36        <activity
36-->src\main\AndroidManifest.xml:18:9-20:40
37            android:name="com.goexcel.Paso4RetosActivity"
37-->src\main\AndroidManifest.xml:19:13-47
38            android:exported="false" />
38-->src\main\AndroidManifest.xml:20:13-37
39        <activity
39-->src\main\AndroidManifest.xml:21:9-23:40
40            android:name="com.goexcel.Paso3PracticaActivity"
40-->src\main\AndroidManifest.xml:22:13-50
41            android:exported="false" />
41-->src\main\AndroidManifest.xml:23:13-37
42        <activity
42-->src\main\AndroidManifest.xml:24:9-26:40
43            android:name="com.goexcel.Paso2RefuerzoActivity"
43-->src\main\AndroidManifest.xml:25:13-50
44            android:exported="false" />
44-->src\main\AndroidManifest.xml:26:13-37
45        <activity
45-->src\main\AndroidManifest.xml:27:9-29:40
46            android:name="com.goexcel.Paso1RefuerzoActivity"
46-->src\main\AndroidManifest.xml:28:13-50
47            android:exported="false" />
47-->src\main\AndroidManifest.xml:29:13-37
48        <activity
48-->src\main\AndroidManifest.xml:30:9-32:40
49            android:name="com.goexcel.Paso5EvaluacionActivity"
49-->src\main\AndroidManifest.xml:31:13-52
50            android:exported="false" />
50-->src\main\AndroidManifest.xml:32:13-37
51        <activity
51-->src\main\AndroidManifest.xml:33:9-35:40
52            android:name="com.goexcel.Paso4AplicadoActivity"
52-->src\main\AndroidManifest.xml:34:13-50
53            android:exported="false" />
53-->src\main\AndroidManifest.xml:35:13-37
54        <activity
54-->src\main\AndroidManifest.xml:36:9-38:40
55            android:name="com.goexcel.Paso3PractiquemosActivity"
55-->src\main\AndroidManifest.xml:37:13-54
56            android:exported="false" />
56-->src\main\AndroidManifest.xml:38:13-37
57        <activity
57-->src\main\AndroidManifest.xml:39:9-41:40
58            android:name="com.goexcel.Paso2CaminoActivity"
58-->src\main\AndroidManifest.xml:40:13-48
59            android:exported="false" />
59-->src\main\AndroidManifest.xml:41:13-37
60        <activity
60-->src\main\AndroidManifest.xml:42:9-44:40
61            android:name="com.goexcel.Paso1ConceptosActivity"
61-->src\main\AndroidManifest.xml:43:13-51
62            android:exported="false" />
62-->src\main\AndroidManifest.xml:44:13-37
63        <activity
63-->src\main\AndroidManifest.xml:45:9-47:40
64            android:name="com.goexcel.DesafioGenericoActivity"
64-->src\main\AndroidManifest.xml:46:13-52
65            android:exported="false" />
65-->src\main\AndroidManifest.xml:47:13-37
66        <activity
66-->src\main\AndroidManifest.xml:48:9-50:40
67            android:name="com.goexcel.DesafiosActivity"
67-->src\main\AndroidManifest.xml:49:13-45
68            android:exported="false" />
68-->src\main\AndroidManifest.xml:50:13-37
69        <activity
69-->src\main\AndroidManifest.xml:51:9-53:40
70            android:name="com.goexcel.FavoritosActivity"
70-->src\main\AndroidManifest.xml:52:13-46
71            android:exported="false" />
71-->src\main\AndroidManifest.xml:53:13-37
72        <activity
72-->src\main\AndroidManifest.xml:54:9-57:52
73            android:name="com.goexcel.EditarAvatarActivity"
73-->src\main\AndroidManifest.xml:55:13-49
74            android:exported="false"
74-->src\main\AndroidManifest.xml:56:13-37
75            android:screenOrientation="portrait" />
75-->src\main\AndroidManifest.xml:57:13-49
76        <activity
76-->src\main\AndroidManifest.xml:58:9-61:52
77            android:name="com.goexcel.AyudaActivity"
77-->src\main\AndroidManifest.xml:59:13-42
78            android:exported="false"
78-->src\main\AndroidManifest.xml:60:13-37
79            android:screenOrientation="portrait" />
79-->src\main\AndroidManifest.xml:61:13-49
80        <activity
80-->src\main\AndroidManifest.xml:62:9-65:52
81            android:name="com.goexcel.NotificacionesActivity"
81-->src\main\AndroidManifest.xml:63:13-51
82            android:exported="false"
82-->src\main\AndroidManifest.xml:64:13-37
83            android:screenOrientation="portrait" />
83-->src\main\AndroidManifest.xml:65:13-49
84        <activity
84-->src\main\AndroidManifest.xml:66:9-69:52
85            android:name="com.goexcel.PrivacidadActivity"
85-->src\main\AndroidManifest.xml:67:13-47
86            android:exported="false"
86-->src\main\AndroidManifest.xml:68:13-37
87            android:screenOrientation="portrait" />
87-->src\main\AndroidManifest.xml:69:13-49
88        <activity
88-->src\main\AndroidManifest.xml:70:9-73:52
89            android:name="com.goexcel.ConfiguracionActivity"
89-->src\main\AndroidManifest.xml:71:13-50
90            android:exported="false"
90-->src\main\AndroidManifest.xml:72:13-37
91            android:screenOrientation="portrait" />
91-->src\main\AndroidManifest.xml:73:13-49
92        <activity
92-->src\main\AndroidManifest.xml:74:9-77:52
93            android:name="com.goexcel.EditarPerfilActivity"
93-->src\main\AndroidManifest.xml:75:13-49
94            android:exported="false"
94-->src\main\AndroidManifest.xml:76:13-37
95            android:screenOrientation="portrait" />
95-->src\main\AndroidManifest.xml:77:13-49
96        <activity
96-->src\main\AndroidManifest.xml:78:9-81:52
97            android:name="com.goexcel.PerfilActivity"
97-->src\main\AndroidManifest.xml:79:13-43
98            android:exported="false"
98-->src\main\AndroidManifest.xml:80:13-37
99            android:screenOrientation="portrait" />
99-->src\main\AndroidManifest.xml:81:13-49
100
101        <meta-data
101-->src\main\AndroidManifest.xml:83:9-85:37
102            android:name="firebase_authentication_auto_upgrade_enabled"
102-->src\main\AndroidManifest.xml:84:13-72
103            android:value="false" />
103-->src\main\AndroidManifest.xml:85:13-34
104
105        <activity
105-->src\main\AndroidManifest.xml:87:9-90:52
106            android:name="com.goexcel.ModuloVista5Activity"
106-->src\main\AndroidManifest.xml:88:13-49
107            android:exported="false"
107-->src\main\AndroidManifest.xml:89:13-37
108            android:screenOrientation="portrait" />
108-->src\main\AndroidManifest.xml:90:13-49
109        <activity
109-->src\main\AndroidManifest.xml:91:9-94:52
110            android:name="com.goexcel.ModuloVista4Activity"
110-->src\main\AndroidManifest.xml:92:13-49
111            android:exported="false"
111-->src\main\AndroidManifest.xml:93:13-37
112            android:screenOrientation="portrait" />
112-->src\main\AndroidManifest.xml:94:13-49
113        <activity
113-->src\main\AndroidManifest.xml:95:9-98:52
114            android:name="com.goexcel.ModuloVista3Activity"
114-->src\main\AndroidManifest.xml:96:13-49
115            android:exported="false"
115-->src\main\AndroidManifest.xml:97:13-37
116            android:screenOrientation="portrait" />
116-->src\main\AndroidManifest.xml:98:13-49
117        <activity
117-->src\main\AndroidManifest.xml:99:9-102:52
118            android:name="com.goexcel.ModuloVista2Activity"
118-->src\main\AndroidManifest.xml:100:13-49
119            android:exported="false"
119-->src\main\AndroidManifest.xml:101:13-37
120            android:screenOrientation="portrait" />
120-->src\main\AndroidManifest.xml:102:13-49
121        <activity
121-->src\main\AndroidManifest.xml:103:9-106:52
122            android:name="com.goexcel.ModuloVista1Activity"
122-->src\main\AndroidManifest.xml:104:13-49
123            android:exported="false"
123-->src\main\AndroidManifest.xml:105:13-37
124            android:screenOrientation="portrait" />
124-->src\main\AndroidManifest.xml:106:13-49
125        <activity
125-->src\main\AndroidManifest.xml:107:9-110:52
126            android:name="com.goexcel.ModuloRuta5Activity"
126-->src\main\AndroidManifest.xml:108:13-48
127            android:exported="false"
127-->src\main\AndroidManifest.xml:109:13-37
128            android:screenOrientation="portrait" />
128-->src\main\AndroidManifest.xml:110:13-49
129        <activity
129-->src\main\AndroidManifest.xml:111:9-114:52
130            android:name="com.goexcel.ModuloRuta4Activity"
130-->src\main\AndroidManifest.xml:112:13-48
131            android:exported="false"
131-->src\main\AndroidManifest.xml:113:13-37
132            android:screenOrientation="portrait" />
132-->src\main\AndroidManifest.xml:114:13-49
133        <activity
133-->src\main\AndroidManifest.xml:115:9-118:52
134            android:name="com.goexcel.ModuloRuta3Activity"
134-->src\main\AndroidManifest.xml:116:13-48
135            android:exported="false"
135-->src\main\AndroidManifest.xml:117:13-37
136            android:screenOrientation="portrait" />
136-->src\main\AndroidManifest.xml:118:13-49
137        <activity
137-->src\main\AndroidManifest.xml:119:9-122:52
138            android:name="com.goexcel.ModuloRuta2Activity"
138-->src\main\AndroidManifest.xml:120:13-48
139            android:exported="false"
139-->src\main\AndroidManifest.xml:121:13-37
140            android:screenOrientation="portrait" />
140-->src\main\AndroidManifest.xml:122:13-49
141        <activity
141-->src\main\AndroidManifest.xml:123:9-126:52
142            android:name="com.goexcel.ModuloRuta1Activity"
142-->src\main\AndroidManifest.xml:124:13-48
143            android:exported="false"
143-->src\main\AndroidManifest.xml:125:13-37
144            android:screenOrientation="portrait" />
144-->src\main\AndroidManifest.xml:126:13-49
145        <activity
145-->src\main\AndroidManifest.xml:127:9-130:52
146            android:name="com.goexcel.HomeActivity"
146-->src\main\AndroidManifest.xml:128:13-41
147            android:exported="false"
147-->src\main\AndroidManifest.xml:129:13-37
148            android:screenOrientation="portrait" />
148-->src\main\AndroidManifest.xml:130:13-49
149        <activity
149-->src\main\AndroidManifest.xml:131:9-134:52
150            android:name="com.goexcel.RegisterActivity"
150-->src\main\AndroidManifest.xml:132:13-45
151            android:exported="false"
151-->src\main\AndroidManifest.xml:133:13-37
152            android:screenOrientation="portrait" />
152-->src\main\AndroidManifest.xml:134:13-49
153        <activity
153-->src\main\AndroidManifest.xml:135:9-138:52
154            android:name="com.goexcel.LoginActivity"
154-->src\main\AndroidManifest.xml:136:13-42
155            android:exported="false"
155-->src\main\AndroidManifest.xml:137:13-37
156            android:screenOrientation="portrait" />
156-->src\main\AndroidManifest.xml:138:13-49
157        <activity
157-->src\main\AndroidManifest.xml:139:9-148:20
158            android:name="com.goexcel.MainActivity"
158-->src\main\AndroidManifest.xml:140:13-41
159            android:exported="true"
159-->src\main\AndroidManifest.xml:141:13-36
160            android:screenOrientation="portrait" >
160-->src\main\AndroidManifest.xml:142:13-49
161            <intent-filter>
161-->src\main\AndroidManifest.xml:143:13-147:29
162                <action android:name="android.intent.action.MAIN" />
162-->src\main\AndroidManifest.xml:144:17-69
162-->src\main\AndroidManifest.xml:144:25-66
163
164                <category android:name="android.intent.category.LAUNCHER" />
164-->src\main\AndroidManifest.xml:146:17-77
164-->src\main\AndroidManifest.xml:146:27-74
165            </intent-filter>
166        </activity>
167
168        <service
168-->[com.google.firebase:firebase-database-ktx:21.0.0] AndroidManifest.xml:9:9-15:19
169            android:name="com.google.firebase.components.ComponentDiscoveryService"
169-->[com.google.firebase:firebase-database-ktx:21.0.0] AndroidManifest.xml:10:13-84
170            android:directBootAware="true"
170-->[com.google.firebase:firebase-common:21.0.0] AndroidManifest.xml:32:13-43
171            android:exported="false" >
171-->[com.google.firebase:firebase-database-ktx:21.0.0] AndroidManifest.xml:11:13-37
172            <meta-data
172-->[com.google.firebase:firebase-database-ktx:21.0.0] AndroidManifest.xml:12:13-14:85
173                android:name="com.google.firebase.components:com.google.firebase.database.ktx.FirebaseDatabaseLegacyRegistrar"
173-->[com.google.firebase:firebase-database-ktx:21.0.0] AndroidManifest.xml:13:17-127
174                android:value="com.google.firebase.components.ComponentRegistrar" />
174-->[com.google.firebase:firebase-database-ktx:21.0.0] AndroidManifest.xml:14:17-82
175            <meta-data
175-->[com.google.firebase:firebase-auth-ktx:22.3.0] AndroidManifest.xml:11:13-13:85
176                android:name="com.google.firebase.components:com.google.firebase.auth.ktx.FirebaseAuthLegacyRegistrar"
176-->[com.google.firebase:firebase-auth-ktx:22.3.0] AndroidManifest.xml:12:17-119
177                android:value="com.google.firebase.components.ComponentRegistrar" />
177-->[com.google.firebase:firebase-auth-ktx:22.3.0] AndroidManifest.xml:13:17-82
178            <meta-data
178-->[com.google.firebase:firebase-auth:22.3.0] AndroidManifest.xml:69:13-71:85
179                android:name="com.google.firebase.components:com.google.firebase.auth.FirebaseAuthRegistrar"
179-->[com.google.firebase:firebase-auth:22.3.0] AndroidManifest.xml:70:17-109
180                android:value="com.google.firebase.components.ComponentRegistrar" />
180-->[com.google.firebase:firebase-auth:22.3.0] AndroidManifest.xml:71:17-82
181            <meta-data
181-->[com.google.firebase:firebase-database:21.0.0] AndroidManifest.xml:29:13-31:85
182                android:name="com.google.firebase.components:com.google.firebase.database.FirebaseDatabaseKtxRegistrar"
182-->[com.google.firebase:firebase-database:21.0.0] AndroidManifest.xml:30:17-120
183                android:value="com.google.firebase.components.ComponentRegistrar" />
183-->[com.google.firebase:firebase-database:21.0.0] AndroidManifest.xml:31:17-82
184            <meta-data
184-->[com.google.firebase:firebase-database:21.0.0] AndroidManifest.xml:32:13-34:85
185                android:name="com.google.firebase.components:com.google.firebase.database.DatabaseRegistrar"
185-->[com.google.firebase:firebase-database:21.0.0] AndroidManifest.xml:33:17-109
186                android:value="com.google.firebase.components.ComponentRegistrar" />
186-->[com.google.firebase:firebase-database:21.0.0] AndroidManifest.xml:34:17-82
187            <meta-data
187-->[com.google.firebase:firebase-common-ktx:21.0.0] AndroidManifest.xml:12:13-14:85
188                android:name="com.google.firebase.components:com.google.firebase.ktx.FirebaseCommonLegacyRegistrar"
188-->[com.google.firebase:firebase-common-ktx:21.0.0] AndroidManifest.xml:13:17-116
189                android:value="com.google.firebase.components.ComponentRegistrar" />
189-->[com.google.firebase:firebase-common-ktx:21.0.0] AndroidManifest.xml:14:17-82
190            <meta-data
190-->[com.google.firebase:firebase-common:21.0.0] AndroidManifest.xml:35:13-37:85
191                android:name="com.google.firebase.components:com.google.firebase.FirebaseCommonKtxRegistrar"
191-->[com.google.firebase:firebase-common:21.0.0] AndroidManifest.xml:36:17-109
192                android:value="com.google.firebase.components.ComponentRegistrar" />
192-->[com.google.firebase:firebase-common:21.0.0] AndroidManifest.xml:37:17-82
193        </service>
194
195        <activity
195-->[com.google.firebase:firebase-auth:22.3.0] AndroidManifest.xml:29:9-46:20
196            android:name="com.google.firebase.auth.internal.GenericIdpActivity"
196-->[com.google.firebase:firebase-auth:22.3.0] AndroidManifest.xml:30:13-80
197            android:excludeFromRecents="true"
197-->[com.google.firebase:firebase-auth:22.3.0] AndroidManifest.xml:31:13-46
198            android:exported="true"
198-->[com.google.firebase:firebase-auth:22.3.0] AndroidManifest.xml:32:13-36
199            android:launchMode="singleTask"
199-->[com.google.firebase:firebase-auth:22.3.0] AndroidManifest.xml:33:13-44
200            android:theme="@android:style/Theme.Translucent.NoTitleBar" >
200-->[com.google.firebase:firebase-auth:22.3.0] AndroidManifest.xml:34:13-72
201            <intent-filter>
201-->[com.google.firebase:firebase-auth:22.3.0] AndroidManifest.xml:35:13-45:29
202                <action android:name="android.intent.action.VIEW" />
202-->[com.google.firebase:firebase-auth:22.3.0] AndroidManifest.xml:36:17-69
202-->[com.google.firebase:firebase-auth:22.3.0] AndroidManifest.xml:36:25-66
203
204                <category android:name="android.intent.category.DEFAULT" />
204-->[com.google.firebase:firebase-auth:22.3.0] AndroidManifest.xml:38:17-76
204-->[com.google.firebase:firebase-auth:22.3.0] AndroidManifest.xml:38:27-73
205                <category android:name="android.intent.category.BROWSABLE" />
205-->[com.google.firebase:firebase-auth:22.3.0] AndroidManifest.xml:39:17-78
205-->[com.google.firebase:firebase-auth:22.3.0] AndroidManifest.xml:39:27-75
206
207                <data
207-->[com.google.firebase:firebase-auth:22.3.0] AndroidManifest.xml:41:17-44:51
208                    android:host="firebase.auth"
208-->[com.google.firebase:firebase-auth:22.3.0] AndroidManifest.xml:42:21-49
209                    android:path="/"
209-->[com.google.firebase:firebase-auth:22.3.0] AndroidManifest.xml:43:21-37
210                    android:scheme="genericidp" />
210-->[com.google.firebase:firebase-auth:22.3.0] AndroidManifest.xml:44:21-48
211            </intent-filter>
212        </activity>
213        <activity
213-->[com.google.firebase:firebase-auth:22.3.0] AndroidManifest.xml:47:9-64:20
214            android:name="com.google.firebase.auth.internal.RecaptchaActivity"
214-->[com.google.firebase:firebase-auth:22.3.0] AndroidManifest.xml:48:13-79
215            android:excludeFromRecents="true"
215-->[com.google.firebase:firebase-auth:22.3.0] AndroidManifest.xml:49:13-46
216            android:exported="true"
216-->[com.google.firebase:firebase-auth:22.3.0] AndroidManifest.xml:50:13-36
217            android:launchMode="singleTask"
217-->[com.google.firebase:firebase-auth:22.3.0] AndroidManifest.xml:51:13-44
218            android:theme="@android:style/Theme.Translucent.NoTitleBar" >
218-->[com.google.firebase:firebase-auth:22.3.0] AndroidManifest.xml:52:13-72
219            <intent-filter>
219-->[com.google.firebase:firebase-auth:22.3.0] AndroidManifest.xml:53:13-63:29
220                <action android:name="android.intent.action.VIEW" />
220-->[com.google.firebase:firebase-auth:22.3.0] AndroidManifest.xml:36:17-69
220-->[com.google.firebase:firebase-auth:22.3.0] AndroidManifest.xml:36:25-66
221
222                <category android:name="android.intent.category.DEFAULT" />
222-->[com.google.firebase:firebase-auth:22.3.0] AndroidManifest.xml:38:17-76
222-->[com.google.firebase:firebase-auth:22.3.0] AndroidManifest.xml:38:27-73
223                <category android:name="android.intent.category.BROWSABLE" />
223-->[com.google.firebase:firebase-auth:22.3.0] AndroidManifest.xml:39:17-78
223-->[com.google.firebase:firebase-auth:22.3.0] AndroidManifest.xml:39:27-75
224
225                <data
225-->[com.google.firebase:firebase-auth:22.3.0] AndroidManifest.xml:41:17-44:51
226                    android:host="firebase.auth"
226-->[com.google.firebase:firebase-auth:22.3.0] AndroidManifest.xml:42:21-49
227                    android:path="/"
227-->[com.google.firebase:firebase-auth:22.3.0] AndroidManifest.xml:43:21-37
228                    android:scheme="recaptcha" />
228-->[com.google.firebase:firebase-auth:22.3.0] AndroidManifest.xml:44:21-48
229            </intent-filter>
230        </activity>
231
232        <provider
232-->[com.google.firebase:firebase-common:21.0.0] AndroidManifest.xml:23:9-28:39
233            android:name="com.google.firebase.provider.FirebaseInitProvider"
233-->[com.google.firebase:firebase-common:21.0.0] AndroidManifest.xml:24:13-77
234            android:authorities="com.goexcel.firebaseinitprovider"
234-->[com.google.firebase:firebase-common:21.0.0] AndroidManifest.xml:25:13-72
235            android:directBootAware="true"
235-->[com.google.firebase:firebase-common:21.0.0] AndroidManifest.xml:26:13-43
236            android:exported="false"
236-->[com.google.firebase:firebase-common:21.0.0] AndroidManifest.xml:27:13-37
237            android:initOrder="100" />
237-->[com.google.firebase:firebase-common:21.0.0] AndroidManifest.xml:28:13-36
238
239        <activity
239-->[com.google.android.gms:play-services-base:18.1.0] AndroidManifest.xml:20:9-22:45
240            android:name="com.google.android.gms.common.api.GoogleApiActivity"
240-->[com.google.android.gms:play-services-base:18.1.0] AndroidManifest.xml:20:19-85
241            android:exported="false"
241-->[com.google.android.gms:play-services-base:18.1.0] AndroidManifest.xml:22:19-43
242            android:theme="@android:style/Theme.Translucent.NoTitleBar" />
242-->[com.google.android.gms:play-services-base:18.1.0] AndroidManifest.xml:21:19-78
243
244        <provider
244-->[androidx.emoji2:emoji2:1.2.0] AndroidManifest.xml:24:9-32:20
245            android:name="androidx.startup.InitializationProvider"
245-->[androidx.emoji2:emoji2:1.2.0] AndroidManifest.xml:25:13-67
246            android:authorities="com.goexcel.androidx-startup"
246-->[androidx.emoji2:emoji2:1.2.0] AndroidManifest.xml:26:13-68
247            android:exported="false" >
247-->[androidx.emoji2:emoji2:1.2.0] AndroidManifest.xml:27:13-37
248            <meta-data
248-->[androidx.emoji2:emoji2:1.2.0] AndroidManifest.xml:29:13-31:52
249                android:name="androidx.emoji2.text.EmojiCompatInitializer"
249-->[androidx.emoji2:emoji2:1.2.0] AndroidManifest.xml:30:17-75
250                android:value="androidx.startup" />
250-->[androidx.emoji2:emoji2:1.2.0] AndroidManifest.xml:31:17-49
251            <meta-data
251-->[androidx.lifecycle:lifecycle-process:2.6.2] AndroidManifest.xml:29:13-31:52
252                android:name="androidx.lifecycle.ProcessLifecycleInitializer"
252-->[androidx.lifecycle:lifecycle-process:2.6.2] AndroidManifest.xml:30:17-78
253                android:value="androidx.startup" />
253-->[androidx.lifecycle:lifecycle-process:2.6.2] AndroidManifest.xml:31:17-49
254            <meta-data
254-->[androidx.profileinstaller:profileinstaller:1.4.0] AndroidManifest.xml:29:13-31:52
255                android:name="androidx.profileinstaller.ProfileInstallerInitializer"
255-->[androidx.profileinstaller:profileinstaller:1.4.0] AndroidManifest.xml:30:17-85
256                android:value="androidx.startup" />
256-->[androidx.profileinstaller:profileinstaller:1.4.0] AndroidManifest.xml:31:17-49
257        </provider>
258
259        <meta-data
259-->[com.google.android.gms:play-services-basement:18.3.0] AndroidManifest.xml:21:9-23:69
260            android:name="com.google.android.gms.version"
260-->[com.google.android.gms:play-services-basement:18.3.0] AndroidManifest.xml:22:13-58
261            android:value="@integer/google_play_services_version" />
261-->[com.google.android.gms:play-services-basement:18.3.0] AndroidManifest.xml:23:13-66
262
263        <receiver
263-->[androidx.profileinstaller:profileinstaller:1.4.0] AndroidManifest.xml:34:9-52:20
264            android:name="androidx.profileinstaller.ProfileInstallReceiver"
264-->[androidx.profileinstaller:profileinstaller:1.4.0] AndroidManifest.xml:35:13-76
265            android:directBootAware="false"
265-->[androidx.profileinstaller:profileinstaller:1.4.0] AndroidManifest.xml:36:13-44
266            android:enabled="true"
266-->[androidx.profileinstaller:profileinstaller:1.4.0] AndroidManifest.xml:37:13-35
267            android:exported="true"
267-->[androidx.profileinstaller:profileinstaller:1.4.0] AndroidManifest.xml:38:13-36
268            android:permission="android.permission.DUMP" >
268-->[androidx.profileinstaller:profileinstaller:1.4.0] AndroidManifest.xml:39:13-57
269            <intent-filter>
269-->[androidx.profileinstaller:profileinstaller:1.4.0] AndroidManifest.xml:40:13-42:29
270                <action android:name="androidx.profileinstaller.action.INSTALL_PROFILE" />
270-->[androidx.profileinstaller:profileinstaller:1.4.0] AndroidManifest.xml:41:17-91
270-->[androidx.profileinstaller:profileinstaller:1.4.0] AndroidManifest.xml:41:25-88
271            </intent-filter>
272            <intent-filter>
272-->[androidx.profileinstaller:profileinstaller:1.4.0] AndroidManifest.xml:43:13-45:29
273                <action android:name="androidx.profileinstaller.action.SKIP_FILE" />
273-->[androidx.profileinstaller:profileinstaller:1.4.0] AndroidManifest.xml:44:17-85
273-->[androidx.profileinstaller:profileinstaller:1.4.0] AndroidManifest.xml:44:25-82
274            </intent-filter>
275            <intent-filter>
275-->[androidx.profileinstaller:profileinstaller:1.4.0] AndroidManifest.xml:46:13-48:29
276                <action android:name="androidx.profileinstaller.action.SAVE_PROFILE" />
276-->[androidx.profileinstaller:profileinstaller:1.4.0] AndroidManifest.xml:47:17-88
276-->[androidx.profileinstaller:profileinstaller:1.4.0] AndroidManifest.xml:47:25-85
277            </intent-filter>
278            <intent-filter>
278-->[androidx.profileinstaller:profileinstaller:1.4.0] AndroidManifest.xml:49:13-51:29
279                <action android:name="androidx.profileinstaller.action.BENCHMARK_OPERATION" />
279-->[androidx.profileinstaller:profileinstaller:1.4.0] AndroidManifest.xml:50:17-95
279-->[androidx.profileinstaller:profileinstaller:1.4.0] AndroidManifest.xml:50:25-92
280            </intent-filter>
281        </receiver>
282    </application>
283
284</manifest>